
Showing logs for build [32mcb-kubecd-environment-pr-5429-1-rmx7h-1[0m stage [32mmeta-pipeline[0m and container [32mstep-credential-initializer-b6gbk[0m
{"level":"warn","ts":1568288298.4986377,"logger":"fallback-logger","caller":"logging/config.go:69","msg":"Fetch GitHub commit ID from kodata failed: \"ref: refs/heads/master\" is not a valid GitHub commit ID"}
{"level":"info","ts":1568288298.4995954,"logger":"fallback-logger","caller":"creds-init/main.go:40","msg":"Credentials initialized."}

Showing logs for build [32mcb-kubecd-environment-pr-5429-1-rmx7h-1[0m stage [32mmeta-pipeline[0m and container [32mstep-working-dir-initializer-wqjqg[0m
{"level":"warn","ts":1568288299.4227173,"logger":"fallback-logger","caller":"logging/config.go:69","msg":"Fetch GitHub commit ID from kodata failed: open /var/run/ko/HEAD: no such file or directory"}
{"level":"info","ts":1568288299.424402,"logger":"fallback-logger","caller":"bash/main.go:65","msg":"Successfully executed command \"mkdir -p /workspace/source\""}

Showing logs for build [32mcb-kubecd-environment-pr-5429-1-rmx7h-1[0m stage [32mmeta-pipeline[0m and container [32mstep-place-tools[0m

Showing logs for build [32mcb-kubecd-environment-pr-5429-1-rmx7h-1[0m stage [32mmeta-pipeline[0m and container [32mstep-git-source-meta-cb-kubecd-environment-pr-5-lb7th[0m
{"level":"warn","ts":1568288305.5657098,"logger":"fallback-logger","caller":"logging/config.go:69","msg":"Fetch GitHub commit ID from kodata failed: \"ref: refs/heads/master\" is not a valid GitHub commit ID"}
{"level":"info","ts":1568288306.6900601,"logger":"fallback-logger","caller":"git/git.go:102","msg":"Successfully cloned https://github.com/cb-kubecd/environment-pr-5429-19-tekton-gkebdd-staging.git @ b41a45327417a81c6d77df5e3cc344a3d1c3f097 in path /workspace/source"}

Showing logs for build [32mcb-kubecd-environment-pr-5429-1-rmx7h-1[0m stage [32mmeta-pipeline[0m and container [32mstep-git-merge[0m
Using SHAs from PULL_REFS=master:b41a45327417a81c6d77df5e3cc344a3d1c3f097,2:be1248763b05154ebde94b4da4e00ec2e65a9df0
DEBUG: ran git fetch --unshallow origin be1248763b05154ebde94b4da4e00ec2e65a9df0: b41a45327417a81c6d77df5e3cc344a3d1c3f097: in 
DEBUG: ran git checkout master in 
DEBUG: ran git reset --hard b41a45327417a81c6d77df5e3cc344a3d1c3f097 in 
DEBUG: ran clean --force -d . in 
DEBUG: ran git merge be1248763b05154ebde94b4da4e00ec2e65a9df0 in 
Merged SHA be1248763b05154ebde94b4da4e00ec2e65a9df0 with commit message 'chore: Promote bdd-gh-1568288202 to version 0.0.1' into base branch master

Showing logs for build [32mcb-kubecd-environment-pr-5429-1-rmx7h-1[0m stage [32mmeta-pipeline[0m and container [32mstep-merge-pull-refs[0m
DEBUG: ran git fetch origin be1248763b05154ebde94b4da4e00ec2e65a9df0: b41a45327417a81c6d77df5e3cc344a3d1c3f097: in 
DEBUG: Unshallowed git repo in 
DEBUG: ran git checkout master in 
DEBUG: ran git reset --hard b41a45327417a81c6d77df5e3cc344a3d1c3f097 in 
DEBUG: ran clean --force -d . in 
DEBUG: ran git merge be1248763b05154ebde94b4da4e00ec2e65a9df0 in 
Merged SHA be1248763b05154ebde94b4da4e00ec2e65a9df0 with commit message 'chore: Promote bdd-gh-1568288202 to version 0.0.1' into base branch master

Showing logs for build [32mcb-kubecd-environment-pr-5429-1-rmx7h-1[0m stage [32mmeta-pipeline[0m and container [32mstep-create-effective-pipeline[0m
Deleting and cloning the Jenkins X versions repo
Cloning the Jenkins X versions repo https://github.com/jenkins-x/jenkins-x-versions.git with ref refs/heads/master to /builder/home/.**/jenkins-x-versions
selected pack: /builder/home/.**/draft/packs/github.com/jenkins-x-buildpacks/jenkins-x-kubernetes/packs/environment
Effective pipeline written to jenkins-x-promotion-build-effective.yml

Showing logs for build [32mcb-kubecd-environment-pr-5429-1-rmx7h-1[0m stage [32mmeta-pipeline[0m and container [32mstep-create-tekton-crds[0m
PipelineActivity for cb-kubecd-environment-pr-5429-19-tekton-gkebdd-staging-PR-2-1
Applying changes 
upserted PipelineResource cb-kubecd-environment-pr-5429-1 for the git repository https://github.com/cb-kubecd/environment-pr-5429-19-tekton-gkebdd-staging.git
upserted Task cb-kubecd-environment-pr-5429-1-rmx7h-from-build-pack-1
upserted Pipeline cb-kubecd-environment-pr-5429-1-rmx7h-1
created PipelineRun cb-kubecd-environment-pr-5429-1-rmx7h-1
created PipelineStructure cb-kubecd-environment-pr-5429-1-rmx7h-1

Showing logs for build [32mcb-kubecd-environment-pr-5429-1-rmx7h-1[0m stage [32mfrom-build-pack[0m and container [32mstep-credential-initializer-cdcbb[0m
{"level":"warn","ts":1568288321.1633682,"logger":"fallback-logger","caller":"logging/config.go:69","msg":"Fetch GitHub commit ID from kodata failed: \"ref: refs/heads/master\" is not a valid GitHub commit ID"}
{"level":"info","ts":1568288321.1646278,"logger":"fallback-logger","caller":"creds-init/main.go:40","msg":"Credentials initialized."}

Showing logs for build [32mcb-kubecd-environment-pr-5429-1-rmx7h-1[0m stage [32mfrom-build-pack[0m and container [32mstep-working-dir-initializer-n9wjf[0m
{"level":"warn","ts":1568288322.0716648,"logger":"fallback-logger","caller":"logging/config.go:69","msg":"Fetch GitHub commit ID from kodata failed: open /var/run/ko/HEAD: no such file or directory"}
{"level":"info","ts":1568288322.0755937,"logger":"fallback-logger","caller":"bash/main.go:65","msg":"Successfully executed command \"mkdir -p /workspace/source /workspace/source/env\""}

Showing logs for build [32mcb-kubecd-environment-pr-5429-1-rmx7h-1[0m stage [32mfrom-build-pack[0m and container [32mstep-place-tools[0m

Showing logs for build [32mcb-kubecd-environment-pr-5429-1-rmx7h-1[0m stage [32mfrom-build-pack[0m and container [32mstep-git-source-cb-kubecd-environment-pr-5429-1-q8tvf[0m
{"level":"warn","ts":1568288327.1911054,"logger":"fallback-logger","caller":"logging/config.go:69","msg":"Fetch GitHub commit ID from kodata failed: \"ref: refs/heads/master\" is not a valid GitHub commit ID"}
{"level":"info","ts":1568288328.279098,"logger":"fallback-logger","caller":"git/git.go:102","msg":"Successfully cloned https://github.com/cb-kubecd/environment-pr-5429-19-tekton-gkebdd-staging.git @ master in path /workspace/source"}

Showing logs for build [32mcb-kubecd-environment-pr-5429-1-rmx7h-1[0m stage [32mfrom-build-pack[0m and container [32mstep-git-merge[0m
Using SHAs from PULL_REFS=master:b41a45327417a81c6d77df5e3cc344a3d1c3f097,2:be1248763b05154ebde94b4da4e00ec2e65a9df0
DEBUG: ran git fetch origin be1248763b05154ebde94b4da4e00ec2e65a9df0: b41a45327417a81c6d77df5e3cc344a3d1c3f097: in 
DEBUG: Unshallowed git repo in 
DEBUG: ran git checkout master in 
DEBUG: ran git reset --hard b41a45327417a81c6d77df5e3cc344a3d1c3f097 in 
DEBUG: ran clean --force -d . in 
DEBUG: ran git merge be1248763b05154ebde94b4da4e00ec2e65a9df0 in 
Merged SHA be1248763b05154ebde94b4da4e00ec2e65a9df0 with commit message 'chore: Promote bdd-gh-1568288202 to version 0.0.1' into base branch master

Showing logs for build [32mcb-kubecd-environment-pr-5429-1-rmx7h-1[0m stage [32mfrom-build-pack[0m and container [32mstep-build-helm-build[0m
WARNING: No $CHART_REPOSITORY defined so using the default value of: http://jenkins-x-chartmuseum:8080
Adding missing Helm repo: storage.googleapis.com https://storage.googleapis.com/chartmuseum.jenkins-x.io
Successfully added Helm repository storage.googleapis.com.
Adding missing Helm repo: jenkins-x-chartmuseum http://jenkins-x-chartmuseum:8080
Successfully added Helm repository jenkins-x-chartmuseum.
WARNING: No $CHART_REPOSITORY defined so using the default value of: http://jenkins-x-chartmuseum:8080
Adding missing Helm repo: chartmuseum.jenkins-x.io http://chartmuseum.jenkins-x.io
Successfully added Helm repository chartmuseum.jenkins-x.io.
