
Showing logs for build [32mcb-kubecd-environment-pr-5429-1-lwmfk-1[0m stage [32mmeta-pipeline[0m and container [32mstep-credential-initializer-sghbx[0m
{"level":"warn","ts":1568288715.2735915,"logger":"fallback-logger","caller":"logging/config.go:69","msg":"Fetch GitHub commit ID from kodata failed: \"ref: refs/heads/master\" is not a valid GitHub commit ID"}
{"level":"info","ts":1568288715.2756991,"logger":"fallback-logger","caller":"creds-init/main.go:40","msg":"Credentials initialized."}

Showing logs for build [32mcb-kubecd-environment-pr-5429-1-lwmfk-1[0m stage [32mmeta-pipeline[0m and container [32mstep-working-dir-initializer-2rgm7[0m
{"level":"warn","ts":1568288716.2447743,"logger":"fallback-logger","caller":"logging/config.go:69","msg":"Fetch GitHub commit ID from kodata failed: open /var/run/ko/HEAD: no such file or directory"}
{"level":"info","ts":1568288716.2471974,"logger":"fallback-logger","caller":"bash/main.go:65","msg":"Successfully executed command \"mkdir -p /workspace/source\""}

Showing logs for build [32mcb-kubecd-environment-pr-5429-1-lwmfk-1[0m stage [32mmeta-pipeline[0m and container [32mstep-place-tools[0m

Showing logs for build [32mcb-kubecd-environment-pr-5429-1-lwmfk-1[0m stage [32mmeta-pipeline[0m and container [32mstep-git-source-meta-cb-kubecd-environment-pr-5-dvtqn[0m
{"level":"warn","ts":1568288737.2863383,"logger":"fallback-logger","caller":"logging/config.go:69","msg":"Fetch GitHub commit ID from kodata failed: \"ref: refs/heads/master\" is not a valid GitHub commit ID"}
{"level":"info","ts":1568288738.3440871,"logger":"fallback-logger","caller":"git/git.go:102","msg":"Successfully cloned https://github.com/cb-kubecd/environment-pr-5429-19-tekton-gkebdd-staging.git @ 3d241ba748a6c5ea5f38a54c0028e721aade74e7 in path /workspace/source"}

Showing logs for build [32mcb-kubecd-environment-pr-5429-1-lwmfk-1[0m stage [32mmeta-pipeline[0m and container [32mstep-git-merge[0m
Using SHAs from PULL_REFS=master:3d241ba748a6c5ea5f38a54c0028e721aade74e7,3:612fcea0091508cd73c3b2a53e7393e256a41eac
DEBUG: ran git fetch --unshallow origin 612fcea0091508cd73c3b2a53e7393e256a41eac: 3d241ba748a6c5ea5f38a54c0028e721aade74e7: in 
DEBUG: ran git checkout master in 
DEBUG: ran git reset --hard 3d241ba748a6c5ea5f38a54c0028e721aade74e7 in 
DEBUG: ran clean --force -d . in 
DEBUG: ran git merge 612fcea0091508cd73c3b2a53e7393e256a41eac in 
Merged SHA 612fcea0091508cd73c3b2a53e7393e256a41eac with commit message 'chore: Promote bdd-ghf**y-import-1568288593 to version 0.0.1' into base branch master

Showing logs for build [32mcb-kubecd-environment-pr-5429-1-lwmfk-1[0m stage [32mmeta-pipeline[0m and container [32mstep-merge-pull-refs[0m
DEBUG: ran git fetch origin 612fcea0091508cd73c3b2a53e7393e256a41eac: 3d241ba748a6c5ea5f38a54c0028e721aade74e7: in 
DEBUG: Unshallowed git repo in 
DEBUG: ran git checkout master in 
DEBUG: ran git reset --hard 3d241ba748a6c5ea5f38a54c0028e721aade74e7 in 
DEBUG: ran clean --force -d . in 
DEBUG: ran git merge 612fcea0091508cd73c3b2a53e7393e256a41eac in 
Merged SHA 612fcea0091508cd73c3b2a53e7393e256a41eac with commit message 'chore: Promote bdd-ghf**y-import-1568288593 to version 0.0.1' into base branch master

Showing logs for build [32mcb-kubecd-environment-pr-5429-1-lwmfk-1[0m stage [32mmeta-pipeline[0m and container [32mstep-create-effective-pipeline[0m
Deleting and cloning the Jenkins X versions repo
Cloning the Jenkins X versions repo https://github.com/jenkins-x/jenkins-x-versions.git with ref refs/heads/master to /builder/home/.**/jenkins-x-versions
selected pack: /builder/home/.**/draft/packs/github.com/jenkins-x-buildpacks/jenkins-x-kubernetes/packs/environment
Effective pipeline written to jenkins-x-promotion-build-effective.yml

Showing logs for build [32mcb-kubecd-environment-pr-5429-1-lwmfk-1[0m stage [32mmeta-pipeline[0m and container [32mstep-create-tekton-crds[0m
PipelineActivity for cb-kubecd-environment-pr-5429-19-tekton-gkebdd-staging-PR-3-1
Applying changes 
upserted PipelineResource cb-kubecd-environment-pr-5429-1 for the git repository https://github.com/cb-kubecd/environment-pr-5429-19-tekton-gkebdd-staging.git
upserted Task cb-kubecd-environment-pr-5429-1-lwmfk-from-build-pack-1
upserted Pipeline cb-kubecd-environment-pr-5429-1-lwmfk-1
created PipelineRun cb-kubecd-environment-pr-5429-1-lwmfk-1
created PipelineStructure cb-kubecd-environment-pr-5429-1-lwmfk-1

Showing logs for build [32mcb-kubecd-environment-pr-5429-1-lwmfk-1[0m stage [32mfrom-build-pack[0m and container [32mstep-credential-initializer-9jtr5[0m
{"level":"warn","ts":1568288750.660865,"logger":"fallback-logger","caller":"logging/config.go:69","msg":"Fetch GitHub commit ID from kodata failed: \"ref: refs/heads/master\" is not a valid GitHub commit ID"}
{"level":"info","ts":1568288750.6615431,"logger":"fallback-logger","caller":"creds-init/main.go:40","msg":"Credentials initialized."}

Showing logs for build [32mcb-kubecd-environment-pr-5429-1-lwmfk-1[0m stage [32mfrom-build-pack[0m and container [32mstep-working-dir-initializer-dz8tx[0m
{"level":"warn","ts":1568288752.0594542,"logger":"fallback-logger","caller":"logging/config.go:69","msg":"Fetch GitHub commit ID from kodata failed: open /var/run/ko/HEAD: no such file or directory"}
{"level":"info","ts":1568288752.0609536,"logger":"fallback-logger","caller":"bash/main.go:65","msg":"Successfully executed command \"mkdir -p /workspace/source /workspace/source/env\""}

Showing logs for build [32mcb-kubecd-environment-pr-5429-1-lwmfk-1[0m stage [32mfrom-build-pack[0m and container [32mstep-place-tools[0m

Showing logs for build [32mcb-kubecd-environment-pr-5429-1-lwmfk-1[0m stage [32mfrom-build-pack[0m and container [32mstep-git-source-cb-kubecd-environment-pr-5429-1-lvddx[0m
{"level":"warn","ts":1568288816.2206755,"logger":"fallback-logger","caller":"logging/config.go:69","msg":"Fetch GitHub commit ID from kodata failed: \"ref: refs/heads/master\" is not a valid GitHub commit ID"}
{"level":"info","ts":1568288817.3257904,"logger":"fallback-logger","caller":"git/git.go:102","msg":"Successfully cloned https://github.com/cb-kubecd/environment-pr-5429-19-tekton-gkebdd-staging.git @ master in path /workspace/source"}

Showing logs for build [32mcb-kubecd-environment-pr-5429-1-lwmfk-1[0m stage [32mfrom-build-pack[0m and container [32mstep-git-merge[0m
Using SHAs from PULL_REFS=master:3d241ba748a6c5ea5f38a54c0028e721aade74e7,3:612fcea0091508cd73c3b2a53e7393e256a41eac
DEBUG: ran git fetch origin 612fcea0091508cd73c3b2a53e7393e256a41eac: 3d241ba748a6c5ea5f38a54c0028e721aade74e7: in 
DEBUG: Unshallowed git repo in 
DEBUG: ran git checkout master in 
DEBUG: ran git reset --hard 3d241ba748a6c5ea5f38a54c0028e721aade74e7 in 
DEBUG: ran clean --force -d . in 
DEBUG: ran git merge 612fcea0091508cd73c3b2a53e7393e256a41eac in 
Merged SHA 612fcea0091508cd73c3b2a53e7393e256a41eac with commit message 'chore: Promote bdd-ghf**y-import-1568288593 to version 0.0.1' into base branch master

Showing logs for build [32mcb-kubecd-environment-pr-5429-1-lwmfk-1[0m stage [32mfrom-build-pack[0m and container [32mstep-build-helm-build[0m
WARNING: No $CHART_REPOSITORY defined so using the default value of: http://jenkins-x-chartmuseum:8080
Adding missing Helm repo: storage.googleapis.com https://storage.googleapis.com/chartmuseum.jenkins-x.io
Successfully added Helm repository storage.googleapis.com.
Adding missing Helm repo: jenkins-x-chartmuseum http://jenkins-x-chartmuseum:8080
Successfully added Helm repository jenkins-x-chartmuseum.
WARNING: No $CHART_REPOSITORY defined so using the default value of: http://jenkins-x-chartmuseum:8080
Adding missing Helm repo: chartmuseum.jenkins-x.io http://chartmuseum.jenkins-x.io
Successfully added Helm repository chartmuseum.jenkins-x.io.
